<?xml version="1.0" encoding="UTF-8"?>
<!-- Generated by org.testng.reporters.JUnitReportReporter -->
<testsuite hostname="DESKTOP-OBBUQ2S" failures="0" tests="1" name="testCases.TC_003_LoginDDT" time="0.000" errors="0" timestamp="2023-05-29T19:22:28 IST" skipped="1">
  <testcase classname="testCases.TC_003_LoginDDT" name="test_LoginDDT" time="0.000">
    <skipped/>
  </testcase> <!-- test_LoginDDT -->
  <system-out/>
</testsuite> <!-- testCases.TC_003_LoginDDT -->
