<?xml version="1.0" encoding="UTF-8"?>
<!-- Generated by org.testng.reporters.JUnitReportReporter -->
<testsuite hostname="DESKTOP-OBBUQ2S" failures="0" tests="1" name="testCases.TC_002_LoginTest" time="2.073" errors="0" timestamp="2023-06-02T13:15:39 IST" skipped="0">
  <testcase classname="testCases.TC_002_LoginTest" name="test_Login" time="2.073"/>
  <system-out/>
</testsuite> <!-- testCases.TC_002_LoginTest -->
